nohup: ignoring input
Starting a Gradle Daemon, 3 busy Daemons could not be reused, use --status for details
> Task :compileJava
> Task :processResources UP-TO-DATE
> Task :classes
> Task :resolveMainClassName

> Task :bootRun

  .   ____          _            __ _ _
 /\\ / ___'_ __ _ _(_)_ __  __ _ \ \ \ \
( ( )\___ | '_ | '_| | '_ \/ _` | \ \ \ \
 \\/  ___)| |_)| | | | | || (_| |  ) ) ) )
  '  |____| .__|_| |_|_| |_\__, | / / / /
 =========|_|==============|___/=/_/_/_/

[32m :: Spring Boot :: [39m              [2m (v3.5.5)[0;39m

[2m2025-09-07T02:29:40.164+05:30[0;39m [32m INFO[0;39m [35m2451367[0;39m [2m--- [request-service] [  restartedMain] [0;39m[36mc.c.r.RequestServiceApplication         [0;39m [2m:[0;39m Starting RequestServiceApplication using Java 23.0.2 with PID 2451367 (/home/nagabhushanam/Repos/CampusConnect/request-service/build/classes/java/main started by nagabhushanam in /home/nagabhushanam/Repos/CampusConnect/request-service)
[2m2025-09-07T02:29:40.164+05:30[0;39m [32mDEBUG[0;39m [35m2451367[0;39m [2m--- [request-service] [  restartedMain] [0;39m[36mc.c.r.RequestServiceApplication         [0;39m [2m:[0;39m Running with Spring Boot v3.5.5, Spring v6.2.10
[2m2025-09-07T02:29:40.165+05:30[0;39m [32m INFO[0;39m [35m2451367[0;39m [2m--- [request-service] [  restartedMain] [0;39m[36mc.c.r.RequestServiceApplication         [0;39m [2m:[0;39m No active profile set, falling back to 1 default profile: "default"
[2m2025-09-07T02:29:40.189+05:30[0;39m [32m INFO[0;39m [35m2451367[0;39m [2m--- [request-service] [  restartedMain] [0;39m[36m.e.DevToolsPropertyDefaultsPostProcessor[0;39m [2m:[0;39m Devtools property defaults active! Set 'spring.devtools.add-properties' to 'false' to disable
[2m2025-09-07T02:29:40.189+05:30[0;39m [32m INFO[0;39m [35m2451367[0;39m [2m--- [request-service] [  restartedMain] [0;39m[36m.e.DevToolsPropertyDefaultsPostProcessor[0;39m [2m:[0;39m For additional web related logging consider setting the 'logging.level.web' property to 'DEBUG'
[2m2025-09-07T02:29:40.412+05:30[0;39m [32m INFO[0;39m [35m2451367[0;39m [2m--- [request-service] [  restartedMain] [0;39m[36m.s.d.r.c.RepositoryConfigurationDelegate[0;39m [2m:[0;39m Bootstrapping Spring Data JPA repositories in DEFAULT mode.
[2m2025-09-07T02:29:40.433+05:30[0;39m [32m INFO[0;39m [35m2451367[0;39m [2m--- [request-service] [  restartedMain] [0;39m[36m.s.d.r.c.RepositoryConfigurationDelegate[0;39m [2m:[0;39m Finished Spring Data repository scanning in 16 ms. Found 1 JPA repository interface.
[2m2025-09-07T02:29:40.778+05:30[0;39m [32m INFO[0;39m [35m2451367[0;39m [2m--- [request-service] [  restartedMain] [0;39m[36mo.s.b.w.embedded.tomcat.TomcatWebServer [0;39m [2m:[0;39m Tomcat initialized with port 8083 (http)
[2m2025-09-07T02:29:40.786+05:30[0;39m [32m INFO[0;39m [35m2451367[0;39m [2m--- [request-service] [  restartedMain] [0;39m[36mo.apache.catalina.core.StandardService  [0;39m [2m:[0;39m Starting service [Tomcat]
[2m2025-09-07T02:29:40.786+05:30[0;39m [32m INFO[0;39m [35m2451367[0;39m [2m--- [request-service] [  restartedMain] [0;39m[36mo.apache.catalina.core.StandardEngine   [0;39m [2m:[0;39m Starting Servlet engine: [Apache Tomcat/10.1.44]
[2m2025-09-07T02:29:40.803+05:30[0;39m [32m INFO[0;39m [35m2451367[0;39m [2m--- [request-service] [  restartedMain] [0;39m[36mo.a.c.c.C.[Tomcat].[localhost].[/]      [0;39m [2m:[0;39m Initializing Spring embedded WebApplicationContext
[2m2025-09-07T02:29:40.804+05:30[0;39m [32m INFO[0;39m [35m2451367[0;39m [2m--- [request-service] [  restartedMain] [0;39m[36mw.s.c.ServletWebServerApplicationContext[0;39m [2m:[0;39m Root WebApplicationContext: initialization completed in 614 ms
[2m2025-09-07T02:29:40.901+05:30[0;39m [32m INFO[0;39m [35m2451367[0;39m [2m--- [request-service] [  restartedMain] [0;39m[36mo.hibernate.jpa.internal.util.LogHelper [0;39m [2m:[0;39m HHH000204: Processing PersistenceUnitInfo [name: default]
[2m2025-09-07T02:29:40.921+05:30[0;39m [32m INFO[0;39m [35m2451367[0;39m [2m--- [request-service] [  restartedMain] [0;39m[36morg.hibernate.Version                   [0;39m [2m:[0;39m HHH000412: Hibernate ORM core version 6.6.26.Final
[2m2025-09-07T02:29:40.934+05:30[0;39m [32m INFO[0;39m [35m2451367[0;39m [2m--- [request-service] [  restartedMain] [0;39m[36mo.h.c.internal.RegionFactoryInitiator   [0;39m [2m:[0;39m HHH000026: Second-level cache disabled
[2m2025-09-07T02:29:41.064+05:30[0;39m [32m INFO[0;39m [35m2451367[0;39m [2m--- [request-service] [  restartedMain] [0;39m[36mo.s.o.j.p.SpringPersistenceUnitInfo     [0;39m [2m:[0;39m No LoadTimeWeaver setup: ignoring JPA class transformer
[2m2025-09-07T02:29:41.077+05:30[0;39m [32m INFO[0;39m [35m2451367[0;39m [2m--- [request-service] [  restartedMain] [0;39m[36mcom.zaxxer.hikari.HikariDataSource      [0;39m [2m:[0;39m HikariPool-1 - Starting...
[2m2025-09-07T02:29:41.160+05:30[0;39m [32m INFO[0;39m [35m2451367[0;39m [2m--- [request-service] [  restartedMain] [0;39m[36mcom.zaxxer.hikari.pool.HikariPool       [0;39m [2m:[0;39m HikariPool-1 - Added connection com.mysql.cj.jdbc.ConnectionImpl@3644d46a
[2m2025-09-07T02:29:41.161+05:30[0;39m [32m INFO[0;39m [35m2451367[0;39m [2m--- [request-service] [  restartedMain] [0;39m[36mcom.zaxxer.hikari.HikariDataSource      [0;39m [2m:[0;39m HikariPool-1 - Start completed.
[2m2025-09-07T02:29:41.198+05:30[0;39m [33m WARN[0;39m [35m2451367[0;39m [2m--- [request-service] [  restartedMain] [0;39m[36morg.hibernate.orm.deprecation           [0;39m [2m:[0;39m HHH90000025: MySQL8Dialect does not need to be specified explicitly using 'hibernate.dialect' (remove the property setting and it will be selected by default)
[2m2025-09-07T02:29:41.198+05:30[0;39m [33m WARN[0;39m [35m2451367[0;39m [2m--- [request-service] [  restartedMain] [0;39m[36morg.hibernate.orm.deprecation           [0;39m [2m:[0;39m HHH90000026: MySQL8Dialect has been deprecated; use org.hibernate.dialect.MySQLDialect instead
[2m2025-09-07T02:29:41.206+05:30[0;39m [32m INFO[0;39m [35m2451367[0;39m [2m--- [request-service] [  restartedMain] [0;39m[36morg.hibernate.orm.connections.pooling   [0;39m [2m:[0;39m HHH10001005: Database info:
	Database JDBC URL [Connecting through datasource 'HikariDataSource (HikariPool-1)']
	Database driver: undefined/unknown
	Database version: 8.0
	Autocommit mode: undefined/unknown
	Isolation level: undefined/unknown
	Minimum pool size: undefined/unknown
	Maximum pool size: undefined/unknown
[2m2025-09-07T02:29:41.604+05:30[0;39m [32m INFO[0;39m [35m2451367[0;39m [2m--- [request-service] [  restartedMain] [0;39m[36mo.h.e.t.j.p.i.JtaPlatformInitiator      [0;39m [2m:[0;39m HHH000489: No JTA platform available (set 'hibernate.transaction.jta.platform' to enable JTA platform integration)
[2m2025-09-07T02:29:41.632+05:30[0;39m [32m INFO[0;39m [35m2451367[0;39m [2m--- [request-service] [  restartedMain] [0;39m[36mj.LocalContainerEntityManagerFactoryBean[0;39m [2m:[0;39m Initialized JPA EntityManagerFactory for persistence unit 'default'
[2m2025-09-07T02:29:41.778+05:30[0;39m [32m INFO[0;39m [35m2451367[0;39m [2m--- [request-service] [  restartedMain] [0;39m[36mo.s.d.j.r.query.QueryEnhancerFactory    [0;39m [2m:[0;39m Hibernate is in classpath; If applicable, HQL parser will be used.
[2m2025-09-07T02:29:42.270+05:30[0;39m [33m WARN[0;39m [35m2451367[0;39m [2m--- [request-service] [  restartedMain] [0;39m[36mJpaBaseConfiguration$JpaWebConfiguration[0;39m [2m:[0;39m spring.jpa.open-in-view is enabled by default. Therefore, database queries may be performed during view rendering. Explicitly configure spring.jpa.open-in-view to disable this warning
[2m2025-09-07T02:29:42.326+05:30[0;39m [32mDEBUG[0;39m [35m2451367[0;39m [2m--- [request-service] [  restartedMain] [0;39m[36ms.w.s.m.m.a.RequestMappingHandlerMapping[0;39m [2m:[0;39m 10 mappings in 'requestMappingHandlerMapping'
[2m2025-09-07T02:29:42.368+05:30[0;39m [32mDEBUG[0;39m [35m2451367[0;39m [2m--- [request-service] [  restartedMain] [0;39m[36mo.s.w.s.handler.SimpleUrlHandlerMapping [0;39m [2m:[0;39m Patterns [/webjars/**, /**] in 'resourceHandlerMapping'
[2m2025-09-07T02:29:42.383+05:30[0;39m [32mDEBUG[0;39m [35m2451367[0;39m [2m--- [request-service] [  restartedMain] [0;39m[36ms.w.s.m.m.a.RequestMappingHandlerAdapter[0;39m [2m:[0;39m ControllerAdvice beans: 0 @ModelAttribute, 0 @InitBinder, 1 RequestBodyAdvice, 1 ResponseBodyAdvice
[2m2025-09-07T02:29:42.407+05:30[0;39m [33m WARN[0;39m [35m2451367[0;39m [2m--- [request-service] [  restartedMain] [0;39m[36mion$DefaultTemplateResolverConfiguration[0;39m [2m:[0;39m Cannot find template location: classpath:/templates/ (please add some templates, check your Thymeleaf configuration, or set spring.thymeleaf.check-template-location=false)
[2m2025-09-07T02:29:42.420+05:30[0;39m [32mDEBUG[0;39m [35m2451367[0;39m [2m--- [request-service] [  restartedMain] [0;39m[36m.m.m.a.ExceptionHandlerExceptionResolver[0;39m [2m:[0;39m ControllerAdvice beans: 0 @ExceptionHandler, 1 ResponseBodyAdvice
[2m2025-09-07T02:29:42.466+05:30[0;39m [33m WARN[0;39m [35m2451367[0;39m [2m--- [request-service] [  restartedMain] [0;39m[36m.s.s.UserDetailsServiceAutoConfiguration[0;39m [2m:[0;39m 

Using generated security password: cfe48aa8-4159-45d3-94d7-8e467eccade8

This generated password is for development use only. Your security configuration must be updated before running your application in production.

[2m2025-09-07T02:29:42.469+05:30[0;39m [32m INFO[0;39m [35m2451367[0;39m [2m--- [request-service] [  restartedMain] [0;39m[36mr$InitializeUserDetailsManagerConfigurer[0;39m [2m:[0;39m Global AuthenticationManager configured with UserDetailsService bean with name inMemoryUserDetailsManager
[2m2025-09-07T02:29:42.538+05:30[0;39m [33m WARN[0;39m [35m2451367[0;39m [2m--- [request-service] [  restartedMain] [0;39m[36mo.s.b.d.a.OptionalLiveReloadServer      [0;39m [2m:[0;39m Unable to start LiveReload server
[2m2025-09-07T02:29:42.550+05:30[0;39m [33m WARN[0;39m [35m2451367[0;39m [2m--- [request-service] [  restartedMain] [0;39m[36mConfigServletWebServerApplicationContext[0;39m [2m:[0;39m Exception encountered during context initialization - cancelling refresh attempt: org.springframework.context.ApplicationContextException: Failed to start bean 'webServerStartStop'
[2m2025-09-07T02:29:42.551+05:30[0;39m [32m INFO[0;39m [35m2451367[0;39m [2m--- [request-service] [  restartedMain] [0;39m[36mj.LocalContainerEntityManagerFactoryBean[0;39m [2m:[0;39m Closing JPA EntityManagerFactory for persistence unit 'default'
[2m2025-09-07T02:29:42.553+05:30[0;39m [32m INFO[0;39m [35m2451367[0;39m [2m--- [request-service] [  restartedMain] [0;39m[36mcom.zaxxer.hikari.HikariDataSource      [0;39m [2m:[0;39m HikariPool-1 - Shutdown initiated...
[2m2025-09-07T02:29:42.556+05:30[0;39m [32m INFO[0;39m [35m2451367[0;39m [2m--- [request-service] [  restartedMain] [0;39m[36mcom.zaxxer.hikari.HikariDataSource      [0;39m [2m:[0;39m HikariPool-1 - Shutdown completed.
[2m2025-09-07T02:29:42.566+05:30[0;39m [32m INFO[0;39m [35m2451367[0;39m [2m--- [request-service] [  restartedMain] [0;39m[36m.s.b.a.l.ConditionEvaluationReportLogger[0;39m [2m:[0;39m 

Error starting ApplicationContext. To display the condition evaluation report re-run your application with 'debug' enabled.
[2m2025-09-07T02:29:42.576+05:30[0;39m [31mERROR[0;39m [35m2451367[0;39m [2m--- [request-service] [  restartedMain] [0;39m[36mo.s.b.d.LoggingFailureAnalysisReporter  [0;39m [2m:[0;39m 

***************************
APPLICATION FAILED TO START
***************************

Description:

Web server failed to start. Port 8083 was already in use.

Action:

Identify and stop the process that's listening on port 8083 or configure this application to listen on another port.


BUILD SUCCESSFUL in 7s
4 actionable tasks: 3 executed, 1 up-to-date
